<?xml version="1.0" encoding="UTF-8"?>
<!-- Generated by org.testng.reporters.JUnitReportReporter -->
<testsuite hostname="Cyborg-Genisys" failures="0" tests="1" name="cyborgensys.ExtentReports.ExtentReportsDemo" time="12.827" errors="0" timestamp="2021-06-06T19:36:04 PKT" skipped="0">
  <testcase classname="cyborgensys.ExtentReports.ExtentReportsDemo" name="initialDemo" time="12.827"/>
  <system-out/>
</testsuite> <!-- cyborgensys.ExtentReports.ExtentReportsDemo -->
